2022-10-22 08:26:06,804 - scraper LOG - INFO - Starting scraper  KT_TI with https://wmts.geo.ti.ch/wmts/1.0.0/WMTSCapabilities.xml 
2022-10-22 08:26:07,320 - scraper LOG - INFO - Starting scraper  KT_BE with http://www.geoservice.apps.be.ch/geoservice2/services/a42geo/a42geo_basiswms_d_fk/MapServer/WMSServer 
2022-10-22 08:26:07,832 - scraper LOG - INFO - Starting scraper  KT_BE with http://www.geoservice.apps.be.ch/geoservice2/services/a42geo/a42geo_grenzenwms_d_fk/MapServer/WMSServer 
2022-10-22 08:26:08,521 - scraper LOG - INFO - Starting scraper  KT_BE with http://www.geoservice.apps.be.ch/geoservice2/services/a42geo/a42geo_planungwms_d_fk/MapServer/WMSServer 
2022-10-22 08:26:09,165 - scraper LOG - INFO - Starting scraper  KT_BE with http://www.geoservice.apps.be.ch/geoservice2/services/a42geo/a42geo_umweltwms_d_fk/MapServer/WMSServer 
2022-10-22 08:26:09,696 - scraper LOG - INFO - Starting scraper  KT_BE with http://www.geoservice.apps.be.ch/geoservice2/services/a42geo/a42geo_geologiewms_d_fk/MapServer/WMSServer 
2022-10-22 08:26:10,198 - scraper LOG - INFO - Starting scraper  KT_BE with http://www.geoservice.apps.be.ch/geoservice2/services/a42geo/a42geo_gewaesserwms_d_fk/MapServer/WMSServer 
2022-10-22 08:26:10,772 - scraper LOG - INFO - Starting scraper  KT_BE with http://www.geoservice.apps.be.ch/geoservice2/services/a42geo/a42geo_transportwms_d_fk/MapServer/WMSServer 
2022-10-22 08:26:11,251 - scraper LOG - INFO - Starting scraper  KT_GR with https://wms.geo.gr.ch/admineinteilung 
2022-10-22 08:26:11,763 - scraper LOG - INFO - Starting scraper  KT_GR with https://wms.geo.gr.ch/bauzonen_graubuenden 
2022-10-22 08:26:12,031 - scraper LOG - INFO - Starting scraper  KT_GR with https://wms.geo.gr.ch/belastetestandorte 
2022-10-22 08:26:12,290 - scraper LOG - INFO - Starting scraper  KT_GR with https://wms.geo.gr.ch/gewaesserschutz 
2022-10-22 08:26:12,566 - scraper LOG - INFO - Starting scraper  KT_GR with https://wms.geo.gr.ch/grundwasser 
2022-10-22 08:26:12,863 - scraper LOG - INFO - Starting scraper  KT_GR with https://wms.geo.gr.ch/historischekarten 
2022-10-22 08:26:13,127 - scraper LOG - INFO - Starting scraper  KT_GR with https://wms.geo.gr.ch/landwirtschaft 
2022-10-22 08:26:13,249 - scraper LOG - INFO - KT_GR with https://wms.geo.gr.ch/landwirtschaft aborted
2022-10-22 08:26:13,249 - scraper LOG - INFO - Starting scraper  KT_GR with https://wms.geo.gr.ch/naturgefahren_erfassungsbereiche 
2022-10-22 08:26:13,511 - scraper LOG - INFO - Starting scraper  KT_GR with https://wms.geo.gr.ch/naturschutz 
2022-10-22 08:26:13,815 - scraper LOG - INFO - Starting scraper  KT_GR with https://wms.geo.gr.ch/rrip_bregaglia 
2022-10-22 08:26:14,246 - scraper LOG - INFO - Starting scraper  KT_GR with https://wms.geo.gr.ch/rrip_davos 
2022-10-22 08:26:14,914 - scraper LOG - INFO - Starting scraper  KT_GR with https://wms.geo.gr.ch/rrip_mesolcina 
2022-10-22 08:26:15,275 - scraper LOG - INFO - Starting scraper  KT_GR with https://wms.geo.gr.ch/rrip_mittelbuenden 
2022-10-22 08:26:15,672 - scraper LOG - INFO - Starting scraper  KT_GR with https://wms.geo.gr.ch/rrip_nordbuenden 
2022-10-22 08:26:16,124 - scraper LOG - INFO - Starting scraper  KT_GR with https://wms.geo.gr.ch/rrip_oberengadin 
2022-10-22 08:26:16,709 - scraper LOG - INFO - Starting scraper  KT_GR with https://wms.geo.gr.ch/rrip_praettigau 
2022-10-22 08:26:17,086 - scraper LOG - INFO - Starting scraper  KT_GR with https://wms.geo.gr.ch/rrip_unterengadin 
2022-10-22 08:26:17,515 - scraper LOG - INFO - Starting scraper  KT_GR with https://wms.geo.gr.ch/rrip_regioviamala 
2022-10-22 08:26:17,877 - scraper LOG - INFO - Starting scraper  KT_GR with https://wms.geo.gr.ch/regionen 
2022-10-22 08:26:18,279 - scraper LOG - INFO - Starting scraper  KT_GR with https://wms.geo.gr.ch/schutzwald 
2022-10-22 08:26:18,532 - scraper LOG - INFO - Starting scraper  KT_GR with https://wms.geo.gr.ch/seilbahnen 
2022-10-22 08:26:18,792 - scraper LOG - INFO - Starting scraper  KT_GR with https://wms.geo.gr.ch/amtlichevermessung_stand 
2022-10-22 08:26:19,043 - scraper LOG - INFO - Starting scraper  KT_GR with https://wms.geo.gr.ch/waldentwicklungsplan 
2022-10-22 08:26:19,391 - scraper LOG - INFO - Starting scraper  KT_GR with https://wms.geo.gr.ch/wildruhezonen 
2022-10-22 08:26:19,643 - scraper LOG - INFO - Starting scraper  KT_GR with https://wms.geo.gr.ch/wildschutzgebiete 
2022-10-22 08:26:19,953 - scraper LOG - INFO - Starting scraper  KT_GR with https://wms.geo.gr.ch/richtplan 
2022-10-22 08:26:20,434 - scraper LOG - INFO - Starting scraper  KT_GR with https://wms.geo.gr.ch/uebersichtsplan 
2022-10-22 08:26:20,712 - scraper LOG - INFO - Starting scraper  INT_ECMWF with https://apps.ecmwf.int/wms/?token=public trying DEFAULT scraper 
2022-10-22 08:26:24,045 - scraper LOG - INFO - scraper completed
2022-10-22 06:39:55,644 - scraper LOG - INFO - Starting scraper  KT_TI with https://wmts.geo.ti.ch/wmts/1.0.0/WMTSCapabilities.xml 
2022-10-22 06:39:58,135 - scraper LOG - INFO - Starting scraper  KT_BE with http://www.geoservice.apps.be.ch/geoservice2/services/a42geo/a42geo_basiswms_d_fk/MapServer/WMSServer 
2022-10-22 06:40:00,563 - scraper LOG - INFO - Starting scraper  KT_BE with http://www.geoservice.apps.be.ch/geoservice2/services/a42geo/a42geo_grenzenwms_d_fk/MapServer/WMSServer 
2022-10-22 06:40:03,136 - scraper LOG - INFO - Starting scraper  KT_BE with http://www.geoservice.apps.be.ch/geoservice2/services/a42geo/a42geo_planungwms_d_fk/MapServer/WMSServer 
2022-10-22 06:40:05,321 - scraper LOG - INFO - Starting scraper  KT_BE with http://www.geoservice.apps.be.ch/geoservice2/services/a42geo/a42geo_umweltwms_d_fk/MapServer/WMSServer 
2022-10-22 06:40:07,342 - scraper LOG - INFO - Starting scraper  KT_BE with http://www.geoservice.apps.be.ch/geoservice2/services/a42geo/a42geo_geologiewms_d_fk/MapServer/WMSServer 
2022-10-22 06:40:09,365 - scraper LOG - INFO - Starting scraper  KT_BE with http://www.geoservice.apps.be.ch/geoservice2/services/a42geo/a42geo_gewaesserwms_d_fk/MapServer/WMSServer 
2022-10-22 06:40:11,349 - scraper LOG - INFO - Starting scraper  KT_BE with http://www.geoservice.apps.be.ch/geoservice2/services/a42geo/a42geo_transportwms_d_fk/MapServer/WMSServer 
2022-10-22 06:40:13,312 - scraper LOG - INFO - Starting scraper  KT_GR with https://wms.geo.gr.ch/admineinteilung 
2022-10-22 06:40:15,870 - scraper LOG - INFO - Starting scraper  KT_GR with https://wms.geo.gr.ch/bauzonen_graubuenden 
2022-10-22 06:40:17,470 - scraper LOG - INFO - Starting scraper  KT_GR with https://wms.geo.gr.ch/belastetestandorte 
2022-10-22 06:40:19,084 - scraper LOG - INFO - Starting scraper  KT_GR with https://wms.geo.gr.ch/gewaesserschutz 
2022-10-22 06:40:20,907 - scraper LOG - INFO - Starting scraper  KT_GR with https://wms.geo.gr.ch/grundwasser 
2022-10-22 06:40:22,471 - scraper LOG - INFO - Starting scraper  KT_GR with https://wms.geo.gr.ch/historischekarten 
2022-10-22 06:40:24,227 - scraper LOG - INFO - Starting scraper  KT_GR with https://wms.geo.gr.ch/landwirtschaft 
2022-10-22 06:40:24,928 - scraper LOG - INFO - KT_GR with https://wms.geo.gr.ch/landwirtschaft aborted
2022-10-22 06:40:24,928 - scraper LOG - INFO - Starting scraper  KT_GR with https://wms.geo.gr.ch/naturgefahren_erfassungsbereiche 
2022-10-22 06:40:26,562 - scraper LOG - INFO - Starting scraper  KT_GR with https://wms.geo.gr.ch/naturschutz 
2022-10-22 06:40:28,138 - scraper LOG - INFO - Starting scraper  KT_GR with https://wms.geo.gr.ch/rrip_bregaglia 
2022-10-22 06:40:30,450 - scraper LOG - INFO - Starting scraper  KT_GR with https://wms.geo.gr.ch/rrip_davos 
2022-10-22 06:40:32,800 - scraper LOG - INFO - Starting scraper  KT_GR with https://wms.geo.gr.ch/rrip_mesolcina 
2022-10-22 06:40:34,552 - scraper LOG - INFO - Starting scraper  KT_GR with https://wms.geo.gr.ch/rrip_mittelbuenden 
2022-10-22 06:40:36,498 - scraper LOG - INFO - Starting scraper  KT_GR with https://wms.geo.gr.ch/rrip_nordbuenden 
2022-10-22 06:40:38,842 - scraper LOG - INFO - Starting scraper  KT_GR with https://wms.geo.gr.ch/rrip_oberengadin 
2022-10-22 06:40:41,145 - scraper LOG - INFO - Starting scraper  KT_GR with https://wms.geo.gr.ch/rrip_praettigau 
2022-10-22 06:40:42,921 - scraper LOG - INFO - Starting scraper  KT_GR with https://wms.geo.gr.ch/rrip_unterengadin 
2022-10-22 06:40:44,971 - scraper LOG - INFO - Starting scraper  KT_GR with https://wms.geo.gr.ch/rrip_regioviamala 
2022-10-22 06:40:46,731 - scraper LOG - INFO - Starting scraper  KT_GR with https://wms.geo.gr.ch/regionen 
2022-10-22 06:40:48,688 - scraper LOG - INFO - Starting scraper  KT_GR with https://wms.geo.gr.ch/schutzwald 
2022-10-22 06:40:50,134 - scraper LOG - INFO - Starting scraper  KT_GR with https://wms.geo.gr.ch/seilbahnen 
2022-10-22 06:40:51,580 - scraper LOG - INFO - Starting scraper  KT_GR with https://wms.geo.gr.ch/amtlichevermessung_stand 
2022-10-22 06:40:53,002 - scraper LOG - INFO - Starting scraper  KT_GR with https://wms.geo.gr.ch/waldentwicklungsplan 
2022-10-22 06:40:54,725 - scraper LOG - INFO - Starting scraper  KT_GR with https://wms.geo.gr.ch/wildruhezonen 
2022-10-22 06:40:56,128 - scraper LOG - INFO - Starting scraper  KT_GR with https://wms.geo.gr.ch/wildschutzgebiete 
2022-10-22 06:40:57,693 - scraper LOG - INFO - Starting scraper  KT_GR with https://wms.geo.gr.ch/richtplan 
2022-10-22 06:40:59,787 - scraper LOG - INFO - Starting scraper  KT_GR with https://wms.geo.gr.ch/uebersichtsplan 
2022-10-22 06:41:01,154 - scraper LOG - INFO - Starting scraper  INT_ECMWF with https://apps.ecmwf.int/wms/?token=public trying DEFAULT scraper 
2022-10-22 06:41:06,548 - scraper LOG - INFO - scraper completed
2022-10-23 05:12:56,562 - scraper LOG - INFO - Starting scraper  KT_TI with https://wmts.geo.ti.ch/wmts/1.0.0/WMTSCapabilities.xml 
2022-10-23 05:12:58,498 - scraper LOG - INFO - Starting scraper  KT_BE with http://www.geoservice.apps.be.ch/geoservice2/services/a42geo/a42geo_basiswms_d_fk/MapServer/WMSServer 
2022-10-23 05:13:00,525 - scraper LOG - INFO - Starting scraper  KT_BE with http://www.geoservice.apps.be.ch/geoservice2/services/a42geo/a42geo_grenzenwms_d_fk/MapServer/WMSServer 
2022-10-23 05:13:02,570 - scraper LOG - INFO - Starting scraper  KT_BE with http://www.geoservice.apps.be.ch/geoservice2/services/a42geo/a42geo_planungwms_d_fk/MapServer/WMSServer 
2022-10-23 05:13:04,316 - scraper LOG - INFO - Starting scraper  KT_BE with http://www.geoservice.apps.be.ch/geoservice2/services/a42geo/a42geo_umweltwms_d_fk/MapServer/WMSServer 
2022-10-23 05:13:06,327 - scraper LOG - INFO - Starting scraper  KT_BE with http://www.geoservice.apps.be.ch/geoservice2/services/a42geo/a42geo_geologiewms_d_fk/MapServer/WMSServer 
2022-10-23 05:13:08,313 - scraper LOG - INFO - Starting scraper  KT_BE with http://www.geoservice.apps.be.ch/geoservice2/services/a42geo/a42geo_gewaesserwms_d_fk/MapServer/WMSServer 
2022-10-23 05:13:10,157 - scraper LOG - INFO - Starting scraper  KT_BE with http://www.geoservice.apps.be.ch/geoservice2/services/a42geo/a42geo_transportwms_d_fk/MapServer/WMSServer 
2022-10-23 05:13:11,630 - scraper LOG - INFO - Starting scraper  KT_GR with https://wms.geo.gr.ch/admineinteilung 
2022-10-23 05:13:13,898 - scraper LOG - INFO - Starting scraper  KT_GR with https://wms.geo.gr.ch/bauzonen_graubuenden 
2022-10-23 05:13:15,182 - scraper LOG - INFO - Starting scraper  KT_GR with https://wms.geo.gr.ch/belastetestandorte 
2022-10-23 05:13:16,630 - scraper LOG - INFO - Starting scraper  KT_GR with https://wms.geo.gr.ch/gewaesserschutz 
2022-10-23 05:13:18,242 - scraper LOG - INFO - Starting scraper  KT_GR with https://wms.geo.gr.ch/grundwasser 
2022-10-23 05:13:19,755 - scraper LOG - INFO - Starting scraper  KT_GR with https://wms.geo.gr.ch/historischekarten 
2022-10-23 05:13:21,392 - scraper LOG - INFO - Starting scraper  KT_GR with https://wms.geo.gr.ch/landwirtschaft 
2022-10-23 05:13:21,953 - scraper LOG - INFO - KT_GR with https://wms.geo.gr.ch/landwirtschaft aborted
2022-10-23 05:13:21,954 - scraper LOG - INFO - Starting scraper  KT_GR with https://wms.geo.gr.ch/naturgefahren_erfassungsbereiche 
2022-10-23 05:13:23,233 - scraper LOG - INFO - Starting scraper  KT_GR with https://wms.geo.gr.ch/naturschutz 
2022-10-23 05:13:24,642 - scraper LOG - INFO - Starting scraper  KT_GR with https://wms.geo.gr.ch/rrip_bregaglia 
2022-10-23 05:13:26,533 - scraper LOG - INFO - Starting scraper  KT_GR with https://wms.geo.gr.ch/rrip_davos 
2022-10-23 05:13:28,319 - scraper LOG - INFO - Starting scraper  KT_GR with https://wms.geo.gr.ch/rrip_mesolcina 
2022-10-23 05:13:29,712 - scraper LOG - INFO - Starting scraper  KT_GR with https://wms.geo.gr.ch/rrip_mittelbuenden 
2022-10-23 05:13:31,269 - scraper LOG - INFO - Starting scraper  KT_GR with https://wms.geo.gr.ch/rrip_nordbuenden 
2022-10-23 05:13:32,963 - scraper LOG - INFO - Starting scraper  KT_GR with https://wms.geo.gr.ch/rrip_oberengadin 
2022-10-23 05:13:35,083 - scraper LOG - INFO - Starting scraper  KT_GR with https://wms.geo.gr.ch/rrip_praettigau 
2022-10-23 05:13:36,496 - scraper LOG - INFO - Starting scraper  KT_GR with https://wms.geo.gr.ch/rrip_unterengadin 
2022-10-23 05:13:38,065 - scraper LOG - INFO - Starting scraper  KT_GR with https://wms.geo.gr.ch/rrip_regioviamala 
2022-10-23 05:13:39,474 - scraper LOG - INFO - Starting scraper  KT_GR with https://wms.geo.gr.ch/regionen 
2022-10-23 05:13:41,008 - scraper LOG - INFO - Starting scraper  KT_GR with https://wms.geo.gr.ch/schutzwald 
2022-10-23 05:13:42,141 - scraper LOG - INFO - Starting scraper  KT_GR with https://wms.geo.gr.ch/seilbahnen 
2022-10-23 05:13:43,241 - scraper LOG - INFO - Starting scraper  KT_GR with https://wms.geo.gr.ch/amtlichevermessung_stand 
2022-10-23 05:13:44,362 - scraper LOG - INFO - Starting scraper  KT_GR with https://wms.geo.gr.ch/waldentwicklungsplan 
2022-10-23 05:13:45,781 - scraper LOG - INFO - Starting scraper  KT_GR with https://wms.geo.gr.ch/wildruhezonen 
2022-10-23 05:13:46,895 - scraper LOG - INFO - Starting scraper  KT_GR with https://wms.geo.gr.ch/wildschutzgebiete 
2022-10-23 05:13:48,146 - scraper LOG - INFO - Starting scraper  KT_GR with https://wms.geo.gr.ch/richtplan 
2022-10-23 05:13:49,816 - scraper LOG - INFO - Starting scraper  KT_GR with https://wms.geo.gr.ch/uebersichtsplan 
2022-10-23 05:13:50,944 - scraper LOG - INFO - Starting scraper  INT_ECMWF with https://apps.ecmwf.int/wms/?token=public trying DEFAULT scraper 
2022-10-23 05:13:55,952 - scraper LOG - INFO - scraper completed
